Could not flip.
Error not specified
Failed to get keyboard state.
Error not specified
Attempting to reacquire....Failed
Could not flip.
Error not specified
Could not flip.
Error not specified
Could not flip.
Error not specified
Could not flip.
Error not specified
Could not flip.
Error not specified
Could not flip.
Error not specified
Could not flip.
Error not specified
Could not flip.
Error not specified
Could not flip.
Error not specified
Could not flip.
Error not specified
Could not flip.
Error not specified
Could not flip.
Error not specified
Could not flip.
Error not specified
Could not flip.
Error not specified
Could not flip.
Error not specified
Could not flip.
Error not specified
Could not flip.
Error not specified
Could not flip.
Error not specified
Could not flip.
Error not specified
Could not flip.
Error not specified
Could not flip.
Error not specified
Could not flip.
Error not specified
Could not flip.
ErrorLogger limit reached. Who taught you to progam?